<?xml version="1.0" encoding="UTF-8"?>
<!-- Generated by org.testng.reporters.JUnitXMLReporter -->
<testsuite hostname="BGLRT49500352" ignored="0" name="Default test" tests="2" failures="0" timestamp="02 May 2021 17:47:13 GMT" time="27.087" errors="0">
  <testcase name="Login" time="7.571" classname="SeleniumAssignments.SeleniumAssignments.xpathSelector_TestCase15"/>
  <testcase name="XPATh" time="9.503" classname="SeleniumAssignments.SeleniumAssignments.xpathSelector_TestCase15"/>
</testsuite> <!-- Default test -->
